<?xml version="1.0" encoding="UTF-8"?>
<testsuite xmlns:xsi="http://www.w3.org/2001/XMLSchema-instance" xsi:noNamespaceSchemaLocation="https://maven.apache.org/surefire/maven-surefire-plugin/xsd/surefire-test-report-3.0.xsd" version="3.0" name="userRepository.UserRepositoryTest" time="0.743" tests="20" errors="0" skipped="0" failures="0">
  <properties>
[...]
</properties>
  <testcase name="testGetUserHabitsFilteredByDateOfCreation_UserHasNoHabits" classname="userRepository.UserRepositoryTest" time="0.04">
    <system-out><![CDATA[Habit added successfully

Habit removed successfully

]]></system-out>
  </testcase>
  <testcase name="testRemoveHabitFromUser" classname="userRepository.UserRepositoryTest" time="0.008">
    <system-out><![CDATA[Habit added successfully

Habit removed successfully

]]></system-out>
  </testcase>
  <testcase name="testGetAllUserAndHabits" classname="userRepository.UserRepositoryTest" time="0.318">
    <system-out><![CDATA[Habit added successfully

]]></system-out>
  </testcase>
  <testcase name="testChangeUserName" classname="userRepository.UserRepositoryTest" time="0.056">
    <system-out><![CDATA[Habit added successfully

Username changed successfully

]]></system-out>
  </testcase>
  <testcase name="testChangeUserPassword" classname="userRepository.UserRepositoryTest" time="0.014">
    <system-out><![CDATA[Habit added successfully

Password changed successfully

]]></system-out>
  </testcase>
  <testcase name="testGetUserHabitsFilteredByDateOfCreation_HabitsWithThisDateOfCreationCantBeFound" classname="userRepository.UserRepositoryTest" time="0.043">
    <system-out><![CDATA[Habit added successfully

]]></system-out>
  </testcase>
  <testcase name="testAddUser" classname="userRepository.UserRepositoryTest" time="0.036">
    <system-out><![CDATA[Habit added successfully

]]></system-out>
  </testcase>
  <testcase name="testChangeUserPassword_ThisUserPasswordAlreadyInUse" classname="userRepository.UserRepositoryTest" time="0.009">
    <system-out><![CDATA[Habit added successfully

]]></system-out>
  </testcase>
  <testcase name="testGetUserHabitsFilteredByCategory_UserHasNoHabits" classname="userRepository.UserRepositoryTest" time="0.009">
    <system-out><![CDATA[Habit added successfully

Habit removed successfully

]]></system-out>
  </testcase>
  <testcase name="testAddHabitToUser" classname="userRepository.UserRepositoryTest" time="0.004">
    <system-out><![CDATA[Habit added successfully

]]></system-out>
  </testcase>
  <testcase name="testEditUserHabit" classname="userRepository.UserRepositoryTest" time="0.01">
    <system-out><![CDATA[Habit added successfully

]]></system-out>
  </testcase>
  <testcase name="testChangeUserEmail" classname="userRepository.UserRepositoryTest" time="0.005">
    <system-out><![CDATA[Habit added successfully

Email changed successfully

]]></system-out>
  </testcase>
  <testcase name="testGetUserHabitsFilteredByDateOfCreation" classname="userRepository.UserRepositoryTest" time="0.03">
    <system-out><![CDATA[Habit added successfully

]]></system-out>
  </testcase>
  <testcase name="testChangeUserEmail_ThisEmailAlreadyInUse" classname="userRepository.UserRepositoryTest" time="0.007">
    <system-out><![CDATA[Habit added successfully

]]></system-out>
  </testcase>
  <testcase name="testIsEmailExists_ReturnsTrue" classname="userRepository.UserRepositoryTest" time="0.008">
    <system-out><![CDATA[Habit added successfully

]]></system-out>
  </testcase>
  <testcase name="testIsEmailExists_ReturnsFalse" classname="userRepository.UserRepositoryTest" time="0.005">
    <system-out><![CDATA[Habit added successfully

]]></system-out>
  </testcase>
  <testcase name="testDeleteUser" classname="userRepository.UserRepositoryTest" time="0.028">
    <system-out><![CDATA[Habit added successfully

User deleted successfully

]]></system-out>
  </testcase>
  <testcase name="testGetUserHabitsFilteredByCategory" classname="userRepository.UserRepositoryTest" time="0.017">
    <system-out><![CDATA[Habit added successfully

]]></system-out>
  </testcase>
  <testcase name="testGetUserHabitsFilteredByCategory_HabitsWithThisCategoryCantBeFound" classname="userRepository.UserRepositoryTest" time="0.052">
    <system-out><![CDATA[Habit added successfully

]]></system-out>
  </testcase>
  <testcase name="testChangeUserName_ThisUserNameAlreadyInUse" classname="userRepository.UserRepositoryTest" time="0.009">
    <system-out><![CDATA[Habit added successfully

]]></system-out>
  </testcase>
</testsuite>